\BOOKMARK [1][-]{section.0.1}{\376\377\000I\000n\000t\000r\000o\000d\000u\000c\000c\000i\000\363\000n}{}% 1
\BOOKMARK [1][-]{section.0.2}{\376\377\000E\000l\000\040\000M\000u\000n\000d\000o\000\040\000d\000e\000\040\000P\000o\000k\000\351\000m\000o\000n\000\040\000R\000o\000j\000o\000:\000\040\000U\000n\000\040\000C\000o\000n\000t\000e\000x\000t\000o\000\040\000p\000a\000r\000a\000\040\000l\000a\000\040\000I\000A}{}% 2
\BOOKMARK [2][-]{subsection.0.2.1}{\376\377\000M\000e\000c\000\341\000n\000i\000c\000a\000s\000\040\000F\000u\000n\000d\000a\000m\000e\000n\000t\000a\000l\000e\000s\000\040\000d\000e\000l\000\040\000J\000u\000e\000g\000o}{section.0.2}% 3
\BOOKMARK [2][-]{subsection.0.2.2}{\376\377\000E\000l\000\040\000O\000b\000j\000e\000t\000i\000v\000o\000\040\000I\000n\000i\000c\000i\000a\000l\000:\000\040\000L\000a\000\040\000P\000r\000i\000m\000e\000r\000a\000\040\000D\000e\000c\000i\000s\000i\000\363\000n\000\040\000C\000r\000\355\000t\000i\000c\000a}{section.0.2}% 4
\BOOKMARK [1][-]{section.0.3}{\376\377\000A\000n\000\341\000l\000i\000s\000i\000s\000\040\000d\000e\000l\000\040\000E\000n\000t\000o\000r\000n\000o\000\040\000y\000\040\000R\000e\000q\000u\000i\000s\000i\000t\000o\000s\000\040\000d\000e\000l\000\040\000P\000r\000o\000y\000e\000c\000t\000o}{}% 5
\BOOKMARK [2][-]{subsection.0.3.1}{\376\377\000C\000o\000m\000p\000l\000e\000j\000i\000d\000a\000d\000\040\000d\000e\000l\000\040\000E\000n\000t\000o\000r\000n\000o\000\040\000d\000e\000\040\000A\000p\000r\000e\000n\000d\000i\000z\000a\000j\000e}{section.0.3}% 6
\BOOKMARK [2][-]{subsection.0.3.2}{\376\377\000I\000n\000s\000t\000a\000l\000a\000c\000i\000\363\000n\000\040\000y\000\040\000D\000e\000p\000e\000n\000d\000e\000n\000c\000i\000a\000s}{section.0.3}% 7
\BOOKMARK [1][-]{section.0.4}{\376\377\000A\000r\000q\000u\000i\000t\000e\000c\000t\000u\000r\000a\000\040\000d\000e\000l\000\040\000A\000g\000e\000n\000t\000e\000\040\000y\000\040\000E\000s\000t\000r\000a\000t\000e\000g\000i\000a\000s\000\040\000I\000m\000p\000l\000e\000m\000e\000n\000t\000a\000d\000a\000s}{}% 8
\BOOKMARK [2][-]{subsection.0.4.1}{\376\377\000S\000e\000p\000a\000r\000a\000c\000i\000\363\000n\000\040\000A\000g\000e\000n\000t\000e\000-\000E\000n\000t\000o\000r\000n\000o}{section.0.4}% 9
\BOOKMARK [2][-]{subsection.0.4.2}{\376\377\000E\000s\000t\000r\000a\000t\000e\000g\000i\000a\000\040\0001\000:\000\040\000E\000p\000s\000i\000l\000o\000n\000-\000G\000r\000e\000e\000d\000y\000\040\000\050\000A\000l\000t\000e\000r\000n\000a\000t\000i\000v\000a\000\040\000S\000i\000m\000p\000l\000e\000\051}{section.0.4}% 10
\BOOKMARK [2][-]{subsection.0.4.3}{\376\377\000E\000s\000t\000r\000a\000t\000e\000g\000i\000a\000\040\0002\000:\000\040\000A\000l\000g\000o\000r\000i\000t\000m\000o\000s\000\040\000d\000e\000\040\000B\000\372\000s\000q\000u\000e\000d\000a\000\040\000I\000n\000f\000o\000r\000m\000a\000d\000a\000\040\000y\000\040\000N\000o\000\040\000I\000n\000f\000o\000r\000m\000a\000d\000a}{section.0.4}% 11
\BOOKMARK [1][-]{section.0.5}{\376\377\000M\000e\000t\000o\000d\000o\000l\000o\000g\000\355\000a\000\040\000E\000x\000p\000e\000r\000i\000m\000e\000n\000t\000a\000l\000\040\000y\000\040\000M\000\351\000t\000r\000i\000c\000a\000s\000\040\000d\000e\000\040\000C\000o\000m\000p\000a\000r\000a\000c\000i\000\363\000n}{}% 12
\BOOKMARK [2][-]{subsection.0.5.1}{\376\377\000P\000r\000o\000t\000o\000c\000o\000l\000o\000\040\000E\000x\000p\000e\000r\000i\000m\000e\000n\000t\000a\000l}{section.0.5}% 13
\BOOKMARK [2][-]{subsection.0.5.2}{\376\377\000M\000\351\000t\000r\000i\000c\000a\000s\000\040\000d\000e\000\040\000E\000v\000a\000l\000u\000a\000c\000i\000\363\000n}{section.0.5}% 14
\BOOKMARK [1][-]{section.0.6}{\376\377\000R\000e\000s\000u\000l\000t\000a\000d\000o\000s\000\040\000y\000\040\000A\000n\000\341\000l\000i\000s\000i\000s\000\040\000C\000o\000m\000p\000a\000r\000a\000t\000i\000v\000o}{}% 15
\BOOKMARK [2][-]{subsection.0.6.1}{\376\377\000A\000n\000\341\000l\000i\000s\000i\000s\000\040\000d\000e\000\040\000l\000a\000\040\000C\000o\000m\000p\000a\000r\000a\000c\000i\000\363\000n\000\040\000E\000p\000s\000i\000l\000o\000n\000-\000G\000r\000e\000e\000d\000y}{section.0.6}% 16
\BOOKMARK [2][-]{subsection.0.6.2}{\376\377\000A\000n\000\341\000l\000i\000s\000i\000s\000\040\000d\000e\000\040\000l\000o\000s\000\040\000A\000l\000g\000o\000r\000i\000t\000m\000o\000s\000\040\000d\000e\000\040\000B\000\372\000s\000q\000u\000e\000d\000a}{section.0.6}% 17
\BOOKMARK [2][-]{subsection.0.6.3}{\376\377\000C\000o\000m\000p\000a\000r\000a\000t\000i\000v\000a\000\040\000G\000e\000n\000e\000r\000a\000l\000:\000\040\000P\000P\000O\000\040\000v\000s\000.\000\040\000E\000p\000s\000i\000l\000o\000n\000-\000G\000r\000e\000e\000d\000y\000\040\000v\000s\000.\000\040\000B\000\372\000s\000q\000u\000e\000d\000a}{section.0.6}% 18
\BOOKMARK [2][-]{subsection.0.6.4}{\376\377\000F\000o\000r\000t\000a\000l\000e\000z\000a\000s\000\040\000y\000\040\000D\000e\000b\000i\000l\000i\000d\000a\000d\000e\000s\000\040\000p\000o\000r\000\040\000F\000a\000m\000i\000l\000i\000a\000\040\000d\000e\000\040\000A\000l\000g\000o\000r\000i\000t\000m\000o\000s}{section.0.6}% 19
\BOOKMARK [2][-]{subsection.0.6.5}{\376\377\000R\000e\000c\000o\000m\000e\000n\000d\000a\000c\000i\000o\000n\000e\000s\000\040\000P\000r\000\341\000c\000t\000i\000c\000a\000s}{section.0.6}% 20
\BOOKMARK [1][-]{section.0.7}{\376\377\000C\000o\000n\000c\000l\000u\000s\000i\000o\000n\000e\000s}{}% 21
